reader/build/outputs/logs/manifest-merger-debug-report.txt
-- Merging decision tree log ---
manifest
ADDED from src\main\AndroidManifest.xml:2:1-362:12
	package
		ADDED from src\main\AndroidManifest.xml:3:5-35
		INJECTED from src\main\AndroidManifest.xml
		INJECTED from src\main\AndroidManifest.xml
	android:versionName
		ADDED from src\main\AndroidManifest.xml:5:5-30
		INJECTED from src\main\AndroidManifest.xml
		INJECTED from src\main\AndroidManifest.xml
	android:versionCode
		ADDED from src\main\AndroidManifest.xml:4:5-28
		INJECTED from src\main\AndroidManifest.xml
		INJECTED from src\main\AndroidManifest.xml
	xmlns:android
		ADDED from src\main\AndroidManifest.xml:2:11-69
supports-screens
ADDED from src\main\AndroidManifest.xml:11:5-16:40
	android:largeScreens
		ADDED from src\main\AndroidManifest.xml:13:9-36
	android:smallScreens
		ADDED from src\main\AndroidManifest.xml:15:9-36
	android:normalScreens
		ADDED from src\main\AndroidManifest.xml:14:9-37
	android:xlargeScreens
		ADDED from src\main\AndroidManifest.xml:16:9-37
	android:anyDensity
		ADDED from src\main\AndroidManifest.xml:12:9-34
uses-permission#android.permission.INTERNET
ADDED from src\main\AndroidManifest.xml:18:5-67
	android:name
		ADDED from src\main\AndroidManifest.xml:18:22-64
uses-permission#android.permission.READ_PHONE_STATE
ADDED from src\main\AndroidManifest.xml:19:5-75
	android:name
		ADDED from src\main\AndroidManifest.xml:19:22-72
uses-permission#android.permission.ACCESS_NETWORK_STATE
ADDED from src\main\AndroidManifest.xml:20:5-79
	android:name
		ADDED from src\main\AndroidManifest.xml:20:22-76
uses-permission#android.permission.ACCESS_COARSE_LOCATION
ADDED from src\main\AndroidManifest.xml:21:5-81
	android:name
		ADDED from src\main\AndroidManifest.xml:21:22-78
uses-permission#android.permission.WRITE_EXTERNAL_STORAGE
ADDED from src\main\AndroidManifest.xml:22:5-81
	android:name
		ADDED from src\main\AndroidManifest.xml:22:22-78
uses-permission#android.permission.ACCESS_WIFI_STATE
ADDED from src\main\AndroidManifest.xml:23:5-76
	android:name
		ADDED from src\main\AndroidManifest.xml:23:22-73
uses-permission#android.permission.CHANGE_WIFI_STATE
ADDED from src\main\AndroidManifest.xml:25:5-76
	android:name
		ADDED from src\main\AndroidManifest.xml:25:22-73
uses-permission#android.permission.RECORD_AUDIO
ADDED from src\main\AndroidManifest.xml:26:5-71
	android:name
		ADDED from src\main\AndroidManifest.xml:26:22-68
uses-permission#android.permission.VIBRATE
ADDED from src\main\AndroidManifest.xml:27:5-66
	android:name
		ADDED from src\main\AndroidManifest.xml:27:22-63
uses-permission#android.permission.CAMERA
ADDED from src\main\AndroidManifest.xml:28:5-65
	android:name
		ADDED from src\main\AndroidManifest.xml:28:22-62
uses-permission#android.permission.ACCESS_FINE_LOCATION
ADDED from src\main\AndroidManifest.xml:29:5-79
	android:name
		ADDED from src\main\AndroidManifest.xml:29:22-76
uses-permission#com.android.browser.permission.READ_HISTORY_BOOKMARKS
ADDED from src\main\AndroidManifest.xml:30:5-93
	android:name
		ADDED from src\main\AndroidManifest.xml:30:22-90
uses-permission#android.permission.WAKE_LOCK
ADDED from src\main\AndroidManifest.xml:31:5-68
	android:name
		ADDED from src\main\AndroidManifest.xml:31:22-65
uses-permission#android.permission.RECEIVE_BOOT_COMPLETED
ADDED from src\main\AndroidManifest.xml:34:5-81
	android:name
		ADDED from src\main\AndroidManifest.xml:34:22-78
uses-permission#getui.permission.GetuiService
ADDED from src\main\AndroidManifest.xml:35:5-69
	android:name
		ADDED from src\main\AndroidManifest.xml:35:22-66
uses-permission#android.permission.CALL_PHONE
ADDED from src\main\AndroidManifest.xml:37:5-69
	android:name
		ADDED from src\main\AndroidManifest.xml:37:22-66
permission#getui.permission.GetuiService
ADDED from src\main\AndroidManifest.xml:39:5-42:18
	android:protectionLevel
		ADDED from src\main\AndroidManifest.xml:41:9-41
	android:name
		ADDED from src\main\AndroidManifest.xml:40:9-53
application
ADDED from src\main\AndroidManifest.xml:44:5-360:19
MERGED from [com.android.support:support-v4:23.3.0] AndroidManifest.xml:22:5-20
MERGED from [com.jiechic.library:xUtils:2.6.14] AndroidManifest.xml:11:5-20
	android:label
		ADDED from src\main\AndroidManifest.xml:47:9-41
	android:icon
		ADDED from src\main\AndroidManifest.xml:46:9-38
	android:theme
		ADDED from src\main\AndroidManifest.xml:48:9-56
	android:name
		ADDED from src\main\AndroidManifest.xml:45:9-48
activity#com.jayqqaa12.reader.ui.MainActivity_
ADDED from src\main\AndroidManifest.xml:49:9-57:20
	android:screenOrientation
		ADDED from src\main\AndroidManifest.xml:51:13-49
	android:name
		ADDED from src\main\AndroidManifest.xml:50:13-65
intent-filter#android.intent.action.MAIN+android.intent.category.LAUNCHER
ADDED from src\main\AndroidManifest.xml:52:13-56:29
action#android.intent.action.MAIN
ADDED from src\main\AndroidManifest.xml:53:17-69
	android:name
		ADDED from src\main\AndroidManifest.xml:53:25-66
category#android.intent.category.LAUNCHER
ADDED from src\main\AndroidManifest.xml:55:17-77
	android:name
		ADDED from src\main\AndroidManifest.xml:55:27-74
activity#com.jayqqaa12.reader.ui.view.dialog.DeleteBookDialog_
ADDED from src\main\AndroidManifest.xml:58:9-60:58
	android:theme
		ADDED from src\main\AndroidManifest.xml:60:13-55
	android:name
		ADDED from src\main\AndroidManifest.xml:59:13-81
activity#com.jayqqaa12.reader.ui.TocActivity_
ADDED from src\main\AndroidManifest.xml:61:9-63:77
	android:configChanges
		ADDED from src\main\AndroidManifest.xml:63:13-74
	android:name
		ADDED from src\main\AndroidManifest.xml:62:13-64
activity#com.jayqqaa12.reader.ui.FileActivity_
ADDED from src\main\AndroidManifest.xml:66:9-69:20
	android:screenOrientation
		ADDED from src\main\AndroidManifest.xml:68:13-49
	android:name
		ADDED from src\main\AndroidManifest.xml:67:13-65
activity#org.geometerplus.android.fbreader.TOCActivity_
ADDED from src\main\AndroidManifest.xml:73:9-75:77
	android:configChanges
		ADDED from src\main\AndroidManifest.xml:75:13-74
	android:name
		ADDED from src\main\AndroidManifest.xml:74:13-74
activity#org.geometerplus.android.fbreader.error.BookReadingErrorActivity
ADDED from src\main\AndroidManifest.xml:76:9-87:20
	android:process
		ADDED from src\main\AndroidManifest.xml:78:13-37
	android:theme
		ADDED from src\main\AndroidManifest.xml:79:13-56
	android:name
		ADDED from src\main\AndroidManifest.xml:77:13-92
intent-filter#android.fbreader.action.ERROR+android.intent.category.DEFAULT
ADDED from src\main\AndroidManifest.xml:80:13-86:29
action#android.fbreader.action.ERROR
ADDED from src\main\AndroidManifest.xml:81:17-72
	android:name
		ADDED from src\main\AndroidManifest.xml:81:25-69
category#android.intent.category.DEFAULT
ADDED from src\main\AndroidManifest.xml:83:17-76
	android:name
		ADDED from src\main\AndroidManifest.xml:83:27-73
data
ADDED from src\main\AndroidManifest.xml:85:17-63
	android:scheme
		ADDED from src\main\AndroidManifest.xml:85:23-60
service#org.geometerplus.android.fbreader.api.ApiService
ADDED from src\main\AndroidManifest.xml:128:9-136:19
	android:launchMode
		ADDED from src\main\AndroidManifest.xml:130:13-44
	android:name
		ADDED from src\main\AndroidManifest.xml:129:13-76
intent-filter#android.fbreader.action.API+android.intent.category.DEFAULT
ADDED from src\main\AndroidManifest.xml:131:13-135:29
action#android.fbreader.action.API
ADDED from src\main\AndroidManifest.xml:132:17-70
	android:name
		ADDED from src\main\AndroidManifest.xml:132:25-67
activity#org.geometerplus.android.fbreader.FBReader_
ADDED from src\main\AndroidManifest.xml:138:9-230:20
	android:launchMode
		ADDED from src\main\AndroidManifest.xml:142:13-44
	android:configChanges
		ADDED from src\main\AndroidManifest.xml:140:13-74
	android:icon
		ADDED from src\main\AndroidManifest.xml:141:13-42
	android:theme
		ADDED from src\main\AndroidManifest.xml:143:13-49
	android:name
		ADDED from src\main\AndroidManifest.xml:139:13-71
intent-filter#android.fbreader.action.VIEW+android.intent.category.DEFAULT
ADDED from src\main\AndroidManifest.xml:144:13-148:29
action#android.fbreader.action.VIEW
ADDED from src\main\AndroidManifest.xml:145:17-71
	android:name
		ADDED from src\main\AndroidManifest.xml:145:25-68
intent-filter#android.intent.action.VIEW+android.intent.category.DEFAULT
ADDED from src\main\AndroidManifest.xml:156:13-162:29
action#android.intent.action.VIEW
ADDED from src\main\AndroidManifest.xml:157:17-69
	android:name
		ADDED from src\main\AndroidManifest.xml:157:25-66
intent-filter#android.intent.action.VIEW+android.intent.category.BROWSABLE+android.intent.category.DEFAULT
ADDED from src\main\AndroidManifest.xml:197:13-206:29
category#android.intent.category.BROWSABLE
ADDED from src\main\AndroidManifest.xml:201:17-78
	android:name
		ADDED from src\main\AndroidManifest.xml:201:27-75
intent-filter#android.intent.action.SEARCH
ADDED from src\main\AndroidManifest.xml:223:13-225:29
action#android.intent.action.SEARCH
ADDED from src\main\AndroidManifest.xml:224:17-71
	android:name
		ADDED from src\main\AndroidManifest.xml:224:25-68
meta-data#android.app.searchable
ADDED from src\main\AndroidManifest.xml:227:13-229:54
	android:resource
		ADDED from src\main\AndroidManifest.xml:229:17-51
	android:name
		ADDED from src\main\AndroidManifest.xml:228:17-54
activity#org.geometerplus.android.fbreader.CancelActivity
ADDED from src\main\AndroidManifest.xml:231:9-234:59
	android:configChanges
		ADDED from src\main\AndroidManifest.xml:233:13-74
	android:theme
		ADDED from src\main\AndroidManifest.xml:234:13-56
	android:name
		ADDED from src\main\AndroidManifest.xml:232:13-76
activity#org.geometerplus.android.fbreader.image.ImageViewActivity
ADDED from src\main\AndroidManifest.xml:239:9-243:52
	android:process
		ADDED from src\main\AndroidManifest.xml:242:13-41
	android:configChanges
		ADDED from src\main\AndroidManifest.xml:241:13-74
	android:theme
		ADDED from src\main\AndroidManifest.xml:243:13-49
	android:name
		ADDED from src\main\AndroidManifest.xml:240:13-85
service#org.geometerplus.android.fbreader.libraryService.LibraryService
ADDED from src\main\AndroidManifest.xml:245:9-252:19
	android:process
		ADDED from src\main\AndroidManifest.xml:248:13-46
	android:launchMode
		ADDED from src\main\AndroidManifest.xml:247:13-44
	android:name
		ADDED from src\main\AndroidManifest.xml:246:13-91
intent-filter#android.fbreader.action.LIBRARY_SERVICE
ADDED from src\main\AndroidManifest.xml:249:13-251:29
action#android.fbreader.action.LIBRARY_SERVICE
ADDED from src\main\AndroidManifest.xml:250:17-82
	android:name
		ADDED from src\main\AndroidManifest.xml:250:25-79
activity#org.geometerplus.android.fbreader.preferences.PreferenceActivity
ADDED from src\main\AndroidManifest.xml:254:9-257:52
	android:configChanges
		ADDED from src\main\AndroidManifest.xml:256:13-74
	android:theme
		ADDED from src\main\AndroidManifest.xml:257:13-49
	android:name
		ADDED from src\main\AndroidManifest.xml:255:13-92
activity#org.geometerplus.android.fbreader.OpenDictionaryActivity
ADDED from src\main\AndroidManifest.xml:258:9-260:77
	android:configChanges
		ADDED from src\main\AndroidManifest.xml:260:13-74
	android:name
		ADDED from src\main\AndroidManifest.xml:259:13-84
meta-data#PUSH_APPID
ADDED from src\main\AndroidManifest.xml:264:9-266:53
	android:value
		ADDED from src\main\AndroidManifest.xml:266:13-50
	android:name
		ADDED from src\main\AndroidManifest.xml:265:13-38
meta-data#PUSH_APPKEY
ADDED from src\main\AndroidManifest.xml:267:9-269:53
	android:value
		ADDED from src\main\AndroidManifest.xml:269:13-50
	android:name
		ADDED from src\main\AndroidManifest.xml:268:13-39
meta-data#PUSH_APPSECRET
ADDED from src\main\AndroidManifest.xml:270:9-272:54
	android:value
		ADDED from src\main\AndroidManifest.xml:272:13-51
	android:name
		ADDED from src\main\AndroidManifest.xml:271:13-42
meta-data#PUSH_GROUPID
ADDED from src\main\AndroidManifest.xml:273:9-275:32
	android:value
		ADDED from src\main\AndroidManifest.xml:275:13-29
	android:name
		ADDED from src\main\AndroidManifest.xml:274:13-40
receiver#com.jayqqaa12.reader.receiver.PushReceiver
ADDED from src\main\AndroidManifest.xml:278:9-284:20
	android:exported
		ADDED from src\main\AndroidManifest.xml:280:13-37
	android:name
		ADDED from src\main\AndroidManifest.xml:279:13-70
intent-filter#com.igexin.sdk.action.pQPwZEULwJ7BEBaj22LlC
ADDED from src\main\AndroidManifest.xml:281:13-283:29
action#com.igexin.sdk.action.pQPwZEULwJ7BEBaj22LlC
ADDED from src\main\AndroidManifest.xml:282:17-86
	android:name
		ADDED from src\main\AndroidManifest.xml:282:25-83
service#com.igexin.sdk.PushService
ADDED from src\main\AndroidManifest.xml:287:9-292:19
	android:process
		ADDED from src\main\AndroidManifest.xml:291:13-53
	android:label
		ADDED from src\main\AndroidManifest.xml:288:13-45
	android:exported
		ADDED from src\main\AndroidManifest.xml:290:13-36
	android:name
		ADDED from src\main\AndroidManifest.xml:289:13-54
receiver#com.igexin.sdk.PushReceiver
ADDED from src\main\AndroidManifest.xml:294:9-301:20
	android:name
		ADDED from src\main\AndroidManifest.xml:294:19-61
intent-filter#android.intent.action.BOOT_COMPLETED+android.intent.action.USER_PRESENT+android.net.conn.CONNECTIVITY_CHANGE+com.igexin.sdk.action.refreshls
ADDED from src\main\AndroidManifest.xml:295:13-300:29
action#android.intent.action.BOOT_COMPLETED
ADDED from src\main\AndroidManifest.xml:296:17-79
	android:name
		ADDED from src\main\AndroidManifest.xml:296:25-76
action#android.net.conn.CONNECTIVITY_CHANGE
ADDED from src\main\AndroidManifest.xml:297:17-79
	android:name
		ADDED from src\main\AndroidManifest.xml:297:25-76
action#android.intent.action.USER_PRESENT
ADDED from src\main\AndroidManifest.xml:298:17-77
	android:name
		ADDED from src\main\AndroidManifest.xml:298:25-74
action#com.igexin.sdk.action.refreshls
ADDED from src\main\AndroidManifest.xml:299:17-74
	android:name
		ADDED from src\main\AndroidManifest.xml:299:25-71
activity#com.igexin.sdk.PushActivity
ADDED from src\main\AndroidManifest.xml:303:9-310:20
	android:process
		ADDED from src\main\AndroidManifest.xml:307:13-53
	android:excludeFromRecents
		ADDED from src\main\AndroidManifest.xml:305:13-46
	android:exported
		ADDED from src\main\AndroidManifest.xml:306:13-37
	android:theme
		ADDED from src\main\AndroidManifest.xml:309:13-72
	android:taskAffinity
		ADDED from src\main\AndroidManifest.xml:308:13-67
	android:name
		ADDED from src\main\AndroidManifest.xml:304:13-55
service#com.igexin.download.DownloadService
ADDED from src\main\AndroidManifest.xml:313:9-316:56
	android:process
		ADDED from src\main\AndroidManifest.xml:316:13-53
	android:label
		ADDED from src\main\AndroidManifest.xml:314:13-44
	android:name
		ADDED from src\main\AndroidManifest.xml:315:13-63
receiver#com.igexin.download.DownloadReceiver
ADDED from src\main\AndroidManifest.xml:318:9-324:20
	android:exported
		ADDED from src\main\AndroidManifest.xml:320:13-37
	android:name
		ADDED from src\main\AndroidManifest.xml:319:13-64
intent-filter#android.net.conn.CONNECTIVITY_CHANGE
ADDED from src\main\AndroidManifest.xml:321:13-323:29
provider#com.igexin.download.DownloadProvider
ADDED from src\main\AndroidManifest.xml:326:9-329:56
	android:authorities
		ADDED from src\main\AndroidManifest.xml:328:13-65
	android:process
		ADDED from src\main\AndroidManifest.xml:329:13-53
	android:name
		ADDED from src\main\AndroidManifest.xml:327:13-64
activity#com.igexin.getuiext.activity.GetuiExtActivity
ADDED from src\main\AndroidManifest.xml:331:9-338:75
	android:process
		ADDED from src\main\AndroidManifest.xml:336:13-53
	android:excludeFromRecents
		ADDED from src\main\AndroidManifest.xml:334:13-46
	android:exported
		ADDED from src\main\AndroidManifest.xml:335:13-37
	android:configChanges
		ADDED from src\main\AndroidManifest.xml:333:13-72
	android:theme
		ADDED from src\main\AndroidManifest.xml:338:13-72
	android:taskAffinity
		ADDED from src\main\AndroidManifest.xml:337:13-62
	android:name
		ADDED from src\main\AndroidManifest.xml:332:13-73
receiver#com.igexin.getuiext.service.PayloadReceiver
ADDED from src\main\AndroidManifest.xml:340:9-349:20
	android:exported
		ADDED from src\main\AndroidManifest.xml:342:13-37
	android:name
		ADDED from src\main\AndroidManifest.xml:341:13-71
intent-filter#com.igexin.sdk.action.7fjUl2Z3LH6xYy7NQK4ni4+com.igexin.sdk.action.pQPwZEULwJ7BEBaj22LlC
ADDED from src\main\AndroidManifest.xml:343:13-348:29
action#com.igexin.sdk.action.7fjUl2Z3LH6xYy7NQK4ni4
ADDED from src\main\AndroidManifest.xml:345:17-87
	android:name
		ADDED from src\main\AndroidManifest.xml:345:25-84
service#com.igexin.getuiext.service.GetuiExtService
ADDED from src\main\AndroidManifest.xml:351:9-354:56
	android:process
		ADDED from src\main\AndroidManifest.xml:354:13-53
	android:label
		ADDED from src\main\AndroidManifest.xml:352:13-41
	android:name
		ADDED from src\main\AndroidManifest.xml:353:13-71
uses-sdk
INJECTED from src\main\AndroidManifest.xml reason: use-sdk injection requested
MERGED from [MyApplication:abase:unspecified] AndroidManifest.xml:7:5-9:41
MERGED from [com.android.support:support-v4:23.3.0] AndroidManifest.xml:20:5-43
MERGED from [com.jiechic.library:xUtils:2.6.14] AndroidManifest.xml:7:5-9:41
	android:targetSdkVersion
		INJECTED from src\main\AndroidManifest.xml
		INJECTED from src\main\AndroidManifest.xml
	android:minSdkVersion
		INJECTED from src\main\AndroidManifest.xml
		INJECTED from src\main\AndroidManifest.xml